2024-11-16 22:45:35 - Bot: Привет! Что интересного произошло?
2024-11-16 22:45:35 - Bot: Добро пожаловать! Чем сегодня займёмся?
2024-11-16 22:45:36 - Bot: Здравствуйте! Чем могу помочь?
2024-11-16 22:45:36 - Bot: Факт: 459. Языки жестов в Британии и Америке отличаются настолько, что глухонемые в этих странах практически не понимают друг друга.
2024-11-16 22:45:36 - Bot: Факт: 595. 8 сентября 1923 года сразу 7 эсминцев ВМС США налетели на рифы у побережья Санта-Барбары в Калифорнии. Спасти корабли не удалось. Это были самые большие потери военно-морского флота США в мирное время.
2024-11-16 22:45:36 - Bot: Факт: 484. Натуральная ваниль — это высушенные плоды орхидеи-лианы, произрастающей в Мексике и Центральной Америке. А искусственный заменитель ванили — ванилин — производится из лигнина, побочного продукта бумажного производства.
2024-11-16 22:46:15 - User: help
2024-11-16 22:46:15 - Bot: Я не знаю такого города. Попробуйте ещё раз.
2024-11-16 22:46:25 - User: стоп
2024-11-16 22:46:25 - Bot: Игра окончена. Спасибо за игру!
2024-11-16 22:46:34 - Bot: /start - Запуск бота и получение случайного приветствия
/help - Показать список доступных команд
/fact - Получить случайный факт 
/game - Начать игру в города
/report - Запросить отчет по дате
2024-11-16 22:46:40 - User: /report
2024-11-16 22:46:40 - Bot: Я не знаю такого города. Попробуйте ещё раз.
2024-11-16 22:49:12 - User: /report
2024-11-16 22:49:12 - Bot: Я не знаю такого города. Попробуйте ещё раз.
2024-11-17 15:50:38 - Bot: Привет! Чего хорошего сегодня?
2024-11-17 15:50:38 - Bot: Привет! Что интересного произошло?
2024-11-17 15:50:39 - Bot: Факт: 609. Высшая мера дисциплинарных наказаний в римской армии называлась децимация — это казнь каждого десятого по жребию.
2024-11-17 15:50:39 - Bot: Факт: 408. В древних Афинах муж, которому изменила жена, был обязан немедленно развестись с нею. В противном случае, он подвергался атимии — лишению гражданских прав, публичному бесчестию и презрению.
2024-11-17 15:51:21 - Bot: Приветики! Как настроение?
2024-11-17 15:51:21 - Bot: Факт: 934. Самая быстротечная война в истории человечества — Англозанзибарская война, произошедшая 27 августа 1896 года. Она длилась всего 45 минут.
2024-11-17 15:51:35 - Bot: Факт: 708. Более миллиона счастливых в браке семейных пар в Великобритании живут на два дома, приходя друг к другу в гости только на выходные. Из тех же супружеских пар, что живут вместе, около 12 % спят раздельно.
2024-11-17 15:53:38 - Bot: Доброе утро! Как спалось?
2024-11-17 15:53:38 - Bot: Факт: 673. Самый длинный слог в русском языке состоит из 8 букв. Это слово «вскользь».
2024-11-17 15:53:43 - Bot: Факт: 858. Прежде чем Эрнст Хемингуэй остался доволен финалом своего романа «Прощай, оружие!», он переписал заключительную главу 39 раз.
2024-11-17 15:58:50 - Bot: Отправка списка команд
2024-11-17 15:58:53 - Bot: Привет-привет! Как твои дела?
2024-11-17 15:58:53 - Bot: Факт: 91. Моцарт вовсе не жил в бедности. Он получал щедрые гонорары. К примеру, за один час преподавания на фортепияно он выставлял счет в 2 гульдена. Для сравнения, его служанка получала 12 гульденов в год. Тем не менее, благодаря крайне расточительному образу жизни, он оставил гору долгов и, действительно, был похоронен в могиле для бедняков.
2024-11-17 16:16:11 - Bot: Приветики! Как настроение?
2024-11-17 16:16:12 - Bot: Факт: 441. В XIX веке бумажные ленты для уничтожения мух, подкладки для шляп, игральные карты, бумажные воротнички, обойные красители и искусственные цветы содержали большие дозы мышьяка.
2024-11-17 16:16:16 - Bot: Факт: 990. Из-за необычайно холодного тумана, 5 декабря 1952 года Лондон окутал Великий смог, состоящий из угольного дыма и автомобильных выхлопов, который рассеялся только через 5 дней. Случившееся стало настоящей катастрофой, в результате которой погибло до 12 тысяч человек. Именно с этого момента началось современное экологическое движение.
2024-11-17 16:17:53 - User: /game
2024-11-17 16:24:57 - Bot: Здравствуйте! Есть ли что-то, чем я могу помочь?
2024-11-17 16:24:58 - Bot: Факт: 345. Более 1 % населения США находится в тюрьмах. Относительно количества населения страны, это в 6 раз больше чем в Китае. Больше 18-летних афроамериканцев находится в тюрьмах, чем в колледжах.
2024-11-17 16:24:59 - User: /game
2024-11-17 16:25:00 - Bot: Я не знаю такого города. Попробуйте ещё раз.
2024-11-17 16:25:11 - Bot: Отправка списка команд
2024-11-17 16:25:33 - Bot: Факт: 141. Самым распространенным элементом в земной коре является кислород. Его весовое содержание оценивается в 49 % от массы земной коры.
2024-11-17 16:25:36 - User: /game
2024-11-17 16:25:36 - Bot: Я не знаю такого города. Попробуйте ещё раз.
2024-11-17 16:30:21 - Bot: Давайте играть в города! Назовите первый город или напишите 'стоп' для выхода.
2024-11-17 16:30:25 - User: москва
2024-11-17 16:30:26 - Bot: Мой город: Арсеньев. Теперь ваш ход!
2024-11-17 16:30:32 - User: воронеж
2024-11-17 16:30:32 - Bot: Мой город: Жуков. Теперь ваш ход!
2024-11-17 16:30:38 - User: стоп
2024-11-17 16:30:38 - Bot: Игра окончена. Спасибо за игру!
2024-11-17 16:30:44 - Bot: Отправка списка команд
2024-11-17 16:42:29 - Bot: Давайте играть в города! Назовите первый город или напишите 'стоп' для выхода.
2024-11-17 16:42:35 - User: москва
2024-11-17 16:42:35 - Bot: Мой город: Ахтубинск. Теперь ваш ход!
2024-11-17 16:42:38 - User: киров
2024-11-17 16:42:38 - Bot: Мой город: Весьегонск. Теперь ваш ход!
2024-11-17 16:42:40 - User: стоп
2024-11-17 16:42:40 - Bot: Игра окончена. Спасибо за игру!
2024-12-18 14:43:29 - Bot: Добро пожаловать! Как настроение?
2024-12-18 14:43:29 - Bot: Факт: 539. Кроме Ленина, тела еще многих людей забальзамированы и выставлены в настоящее время на всеобщее обозрение в собственных мавзолеях. Среди них — Мао Цзэдун, Ким Ир Сен, Хо Ши Мин и герой Гражданской войны Григорий Иванович Котовский.
2024-12-18 15:26:24 - User: выход
2024-12-18 15:26:24 - Bot: Я не знаю такого города. Попробуйте ещё раз.
2024-12-18 15:26:26 - Bot: Приветики! Как настроение?
2024-12-18 15:26:27 - Bot: Факт: 181. Левши составляют не более 15 % от числа всех людей на планете, однако среди выдающихся личностей левшей значительно более 15 %. Среди великих левшей — Александр Македонский, Гай Юлий Цезарь, Леонардо да Винчи, Микеланджело, Моцарт, Жанна д’Арк, Барак Обама и Леди Гага.
2024-12-18 15:26:38 - Bot: Отправка списка команд
2024-12-18 15:26:55 - Bot: Факт: 908. Белые медведи обладают столь совершенной теплозащитой, что большую часть времени они пытаются не согреться, а охладиться.
2024-12-18 15:26:58 - Bot: Давайте играть в города! Назовите первый город или напишите 'стоп' для выхода.
2024-12-18 15:27:06 - User: москва
2024-12-18 15:27:06 - Bot: Мой город: Алексеевка. Теперь ваш ход!
2024-12-18 15:27:10 - User: стоп
2024-12-18 15:27:10 - Bot: Игра окончена. Спасибо за игру!
2024-12-18 15:32:27 - Bot: Факт: 433. Известно, что компанию Apple основали Стив Джобс и Стив Возняк. Однако был еще и третий основатель по имени Рональд Уэйн, который владел 10 % акций, но продал их партнерам за 2300 долларов. Сегодня его акции стоили бы более 22 миллиардов долларов.
2024-12-23 13:56:08 - Bot: Здравствуйте! Есть ли что-то, чем я могу помочь?
2024-12-23 13:56:08 - Bot: Факт: 573. Остров Святой Елены расположен в Атлантическом океане и принадлежит Великобритании, однако два места — где жил Наполеон, и долина, в которой он был похоронен, — являются территорией Франции.
